/*C3*/SET SCHEMA PUBLIC
INSERT INTO LOGS VALUES(NULL,3668,3775,'\u0424\u0443\u0442\u0431\u043e\u043b','group','\u043f\u0440\u0438\u0432\u0435\u0442','','2015-04-16 11:01:09.525000')
COMMIT
INSERT INTO LOGS VALUES(NULL,1287,52712592,'\u0424\u0443\u0442\u0431\u043e\u043b\u044c\u043d\u044b\u0435 \u0411\u0430\u0442\u0442\u043b\u044b | \u041d\u043e\u0432\u043e\u0441\u0442\u0438 \u041c\u0438\u0440\u043e\u0432\u043e\u0433\u043e \u0424\u0443\u0442\u0431\u043e\u043b\u0430','page','\u043f\u0440\u0438\u0432\u0435\u0442','','2015-04-16 11:01:09.646000')
COMMIT
INSERT INTO LOGS VALUES(NULL,14033,31198054,'\u0424\u0443\u0442\u0431\u043e\u043b \u0438 \u0432\u0430\u0439\u043d\u044b | Footballchek and vines','page','\u043f\u0440\u0438\u0432\u0435\u0442','','2015-04-16 11:01:12.726000')
COMMIT
INSERT INTO LOGS VALUES(NULL,10191,72900593,'\u0412\u0441\u0435 \u043e \u0444\u0443\u0442\u0431\u043e\u043b\u0435| \u0420\u0424\u041f\u041b| \u0423\u041f\u041b| \u041b\u0438\u0433\u0430 \u0447\u0435\u043c\u043f\u0438\u043e\u043d\u043e\u0432','page','\u043f\u0440\u0438\u0432\u0435\u0442','','2015-04-16 11:01:12.779000')
COMMIT
INSERT INTO LOGS VALUES(NULL,5167,88150494,'\u041b\u0435\u0433\u0435\u043d\u0434\u044b \u0444\u0443\u0442\u0431\u043e\u043b\u0430 ||  Legends Football','page','\u043f\u0440\u0438\u0432\u0435\u0442','','2015-04-16 11:01:12.837000')
COMMIT
INSERT INTO LOGS VALUES(NULL,3689,1503,'\u0424\u0443\u0442\u0431\u043e\u043b','group','\u043f\u0440\u0438\u0432\u0435\u0442','','2015-04-16 11:01:13.097000')
COMMIT
INSERT INTO LOGS VALUES(NULL,13804,14216902,'\u0424\u0435\u0434\u0435\u0440\u0430\u0446\u0438\u044f \u043c\u0438\u043d\u0438-\u0444\u0443\u0442\u0431\u043e\u043b\u0430 \u0433. \u041a\u0430\u0437\u0430\u043d\u0438','group','\u043f\u0440\u0438\u0432\u0435\u0442','','2015-04-16 11:01:13.328000')
COMMIT
INSERT INTO LOGS VALUES(NULL,128262,24093072,'\u25cfGIGAfootbaLL | \u041c\u0438\u0440 \u0444\u0443\u0442\u0431\u043e\u043b\u0430 \u0432 \u0442\u0432\u043e\u0438\u0445 \u0440\u0443\u043a\u0430\u0445\u25cf','page','\u043f\u0440\u0438\u0432\u0435\u0442','','2015-04-16 11:01:13.416000')
COMMIT
INSERT INTO LOGS VALUES(NULL,10804,50184180,'\u0424\u0423\u0422\u0411\u041e\u041b','page','\u043f\u0440\u0438\u0432\u0435\u0442','','2015-04-16 11:01:16.509000')
COMMIT
INSERT INTO LOGS VALUES(NULL,51127,52028024,'\u0424\u0443\u0442\u0431\u043e\u043b \u0411\u0440\u0438\u0442\u0430\u043d\u0438\u0438 | Football in Britain','page','\u043f\u0440\u0438\u0432\u0435\u0442','','2015-04-16 11:01:16.568000')
COMMIT
INSERT INTO LOGS VALUES(NULL,3387,50400656,'\u0410\u043d\u0433\u043b\u0438\u0439\u0441\u043a\u0438\u0439 \u0424\u0443\u0442\u0431\u043e\u043b','page','\u043f\u0440\u0438\u0432\u0435\u0442','','2015-04-16 11:01:16.783000')
COMMIT
INSERT INTO LOGS VALUES(NULL,5809,30405105,'\u00ab\u041c\u0418\u0420 \u0424\u0423\u0422\u0411\u041e\u041b\u0410\u00bb. \u041b\u044e\u0431\u0438\u0442\u0435\u043b\u044c\u0441\u043a\u0438\u0439 \u0444\u0443\u0442\u0431\u043e\u043b.','page','\u043f\u0440\u0438\u0432\u0435\u0442','','2015-04-16 11:01:16.855000')
COMMIT
INSERT INTO LOGS VALUES(NULL,13403,27711370,'\u0424\u0443\u0442\u0431\u043e\u043b \u0412\u043e\u043b\u043d\u043e\u0432\u0430\u0445\u0441\u043a\u043e\u0433\u043e \u0440\u0430\u0439\u043e\u043d\u0430','group','\u043f\u0440\u0438\u0432\u0435\u0442','','2015-04-16 11:01:16.982000')
COMMIT
INSERT INTO LOGS VALUES(NULL,19938,82151852,'\u0424\u0443\u0442\u0431\u043e\u043b - \u0438\u0433\u0440\u0430 \u043c\u0438\u043b\u043b\u0438\u043e\u043d\u043e\u0432!','page','\u043f\u0440\u0438\u0432\u0435\u0442','','2015-04-16 11:01:20.209000')
COMMIT
INSERT INTO LOGS VALUES(NULL,6188,37135693,'\u0424\u0443\u0442\u0431\u043e\u043b \u043d\u0430\u0448\u0438\u043c\u0438 \u0433\u043b\u0430\u0437\u0430\u043c\u0438','page','\u043f\u0440\u0438\u0432\u0435\u0442','','2015-04-16 11:01:20.266000')
COMMIT
INSERT INTO LOGS VALUES(NULL,13563,42563925,'\u0424\u0443\u0442\u0431\u043e\u043b \u0423\u043a\u0440\u0430\u0457\u043d\u0430 | \u0423\u041f\u041b','page','\u043f\u0440\u0438\u0432\u0435\u0442','','2015-04-16 11:01:20.313000')
COMMIT
INSERT INTO LOGS VALUES(NULL,75302,44473776,'\u0424\u0443\u0442\u0431\u043e\u043b \u0432 \u0441\u0442\u0438\u043b\u0435 \u0420\u0435\u0442\u0440\u043e (16+)','page','\u043f\u0440\u0438\u0432\u0435\u0442','','2015-04-16 11:01:20.388000')
COMMIT
INSERT INTO LOGS VALUES(NULL,65331,42529190,'\u0421\u0431\u043e\u0440\u043d\u0430\u044f \u0410\u0437\u0435\u0440\u0431\u0430\u0439\u0434\u0436\u0430\u043d\u0430 \u043f\u043e \u0444\u0443\u0442\u0431\u043e\u043b\u0443 | AFFA','page','\u043f\u0440\u0438\u0432\u0435\u0442','','2015-04-16 11:01:20.448000')
COMMIT
INSERT INTO LOGS VALUES(NULL,8568,20439572,'\u0418\u041d\u0414\u0423\u0421\u0422\u0420\u0418\u042f \u0444\u0443\u0442\u0431\u043e\u043b\u0430, \u041b\u042e\u0411\u0418\u0422\u0415\u041b\u042c\u0421\u041a\u0418\u0419, \u0414\u0415\u0422\u0421\u041a\u0418\u0419 \u0424\u0423\u0422\u0411\u041e\u041b','group','\u043f\u0440\u0438\u0432\u0435\u0442','','2015-04-16 11:01:20.506000')
COMMIT
INSERT INTO LOGS VALUES(NULL,41136,25672623,'ROOKIES \u2014 \u0410\u043c\u0435\u0440\u0438\u043a\u0430\u043d\u0441\u043a\u0438\u0439 \u0424\u0443\u0442\u0431\u043e\u043b \u0432 \u0420\u043e\u0441\u0441\u0438\u0438','group','\u043f\u0440\u0438\u0432\u0435\u0442','','2015-04-16 11:01:20.644000')
COMMIT
INSERT INTO LOGS VALUES(NULL,573,40217816,'\u25cf \u0416\u0418\u0412\u0418 \u0424\u0423\u0422\u0411\u041e\u041b\u041e\u041c \u25cf','page','\u043f\u0440\u0438\u0432\u0435\u0442','','2015-04-16 11:01:23.808000')
COMMIT
INSERT INTO LOGS VALUES(NULL,498,66541007,'\u0421\u0442\u0430\u0432\u043a\u0438 \u043d\u0430 \u0444\u0443\u0442\u0431\u043e\u043b','page','\u043f\u0440\u0438\u0432\u0435\u0442','','2015-04-16 11:01:23.872000')
COMMIT
INSERT INTO LOGS VALUES(NULL,2971,33140045,'\u0411\u043e\u043b\u044c\u043d\u044b \u0444\u0443\u0442\u0431\u043e\u043b\u043e\u043c.','page','\u043f\u0440\u0438\u0432\u0435\u0442','','2015-04-16 11:01:23.933000')
COMMIT
INSERT INTO LOGS VALUES(NULL,11866,79657019,'\u0424\u0443\u0442\u0431\u043e\u043b \u043c\u0435\u043a\u0435\u043d\u0456','page','\u043f\u0440\u0438\u0432\u0435\u0442','','2015-04-16 11:01:23.998000')
COMMIT
INSERT INTO LOGS VALUES(NULL,4967,60357204,'\u0422\u0435\u0440\u0440\u0438\u0442\u043e\u0440\u0438\u044f \u0424\u0443\u0442\u0431\u043e\u043b\u0430','page','\u043f\u0440\u0438\u0432\u0435\u0442','','2015-04-16 11:01:24.064000')
COMMIT
INSERT INTO LOGS VALUES(NULL,389,78427250,'\u0424\u0423\u0422\u0411\u041e\u041b |  \u041b\u0435\u0433\u0435\u043d\u0434\u044b \u0424\u0443\u0442\u0431\u043e\u043b\u0430','group','\u043f\u0440\u0438\u0432\u0435\u0442','','2015-04-16 11:01:24.135000')
COMMIT
INSERT INTO LOGS VALUES(NULL,7925,16710645,'\u0424\u0443\u0442\u0431\u043e\u043b','group','\u043f\u0440\u0438\u0432\u0435\u0442','','2015-04-16 11:01:24.246000')
COMMIT
INSERT INTO LOGS VALUES(NULL,3910,9527755,'\u042f \u2665 \u0424\u0443\u0442\u0431\u043e\u043b \u0438 \u0414\u0435\u0432\u0443\u0448\u0435\u043a','group','\u043f\u0440\u0438\u0432\u0435\u0442','','2015-04-16 11:01:27.407000')
COMMIT
INSERT INTO LOGS VALUES(NULL,106,73611782,'\u0420\u0435\u043a\u043e\u0440\u0434\u044b \u0444\u0443\u0442\u0431\u043e\u043b\u0430','page','\u043f\u0440\u0438\u0432\u0435\u0442','','2015-04-16 11:01:27.469000')
COMMIT
INSERT INTO LOGS VALUES(NULL,29282,25073080,'\u0413\u0430\u0437\u0435\u0442\u0430.Ru | \u0421\u043f\u043e\u0440\u0442 - \u0424\u0443\u0442\u0431\u043e\u043b, \u0425\u043e\u043a\u043a\u0435\u0439, \u0411\u0430\u0441\u043a\u0435\u0442\u0431\u043e\u043b','page','\u043f\u0440\u0438\u0432\u0435\u0442','','2015-04-16 11:01:27.525000')
COMMIT
INSERT INTO LOGS VALUES(NULL,1752,33518020,'\u041c\u0438\u0440 \u0440\u043e\u0441\u0441\u0438\u0439\u0441\u043a\u043e\u0433\u043e \u0444\u0443\u0442\u0431\u043e\u043b\u0430','page','\u043f\u0440\u0438\u0432\u0435\u0442','','2015-04-16 11:01:27.592000')
COMMIT
INSERT INTO LOGS VALUES(NULL,59470,35285306,'Nature|\u041f\u0440\u0438\u0440\u043e\u0434\u0430','page','\u043f\u0440\u0438\u0432\u0435\u0442','','2015-04-16 11:01:27.660000')
COMMIT
INSERT INTO LOGS VALUES(NULL,11264126,12637219,'\u0415\u0432\u0440\u043e\u043f\u0435\u0439\u0441\u043a\u0438\u0439 \u0444\u0443\u0442\u0431\u043e\u043b','page','\u043f\u0440\u0438\u0432\u0435\u0442','','2015-04-16 11:01:27.733000')
COMMIT
INSERT INTO LOGS VALUES(NULL,3341522,51812607,'\u041d\u0430\u0448 \u0424\u0443\u0442\u0431\u043e\u043b','page','\u043f\u0440\u0438\u0432\u0435\u0442','','2015-04-16 11:01:27.781000')
COMMIT
INSERT INTO LOGS VALUES(NULL,3985530,71474813,'\u0420\u0435\u0430\u043b\u044c\u043d\u044b\u0439 \u0424\u0443\u0442\u0431\u043e\u043b | \u041b\u0415','page','\u043f\u0440\u0438\u0432\u0435\u0442','','2015-04-16 11:01:27.844000')
COMMIT
